

Started GET "/" for ::1 at 2015-01-20 09:52:50 -0800
Processing by HomeController#index as HTML
  Rendered home/index.html.erb within layouts/application (9.5ms)
Completed 200 OK in 1756ms (Views: 1723.0ms | ActiveRecord: 0.0ms)


Started GET "/assets/home-069e88c06b889877799890854d7f4c40.css?body=1" for ::1 at 2015-01-20 09:52:52 -0800


Started GET "/assets/application-823e88bf1231c4323ee1d35731d8f1b6.css?body=1" for ::1 at 2015-01-20 09:52:52 -0800


Started GET "/assets/jquery-eb3e278249152b5b5d5170b73d9dbf52.js?body=1" for ::1 at 2015-01-20 09:52:52 -0800


Started GET "/assets/application-9d71a2f6dda6b569ca80f60714aabe8b.js?body=1" for ::1 at 2015-01-20 09:52:52 -0800


Started GET "/assets/jquery_ujs-0b8f09cf5aec4ba1be1abd9f915c77e2.js?body=1" for ::1 at 2015-01-20 09:52:52 -0800


Started GET "/assets/turbolinks-924184401b7d116eadaaefc96895fa84.js?body=1" for ::1 at 2015-01-20 09:52:52 -0800


Started GET "/assets/home-8f6eecd1178ef85964369ec66d33c4f1.js?body=1" for ::1 at 2015-01-20 09:52:52 -0800


Started GET "/home/signature?payment_amount=100&payment_currency=USD&seller_note=Testing+Dynamic+Express+Amazon+Payments" for ::1 at 2015-01-20 09:52:57 -0800
Processing by HomeController#signature as JSON
  Parameters: {"payment_amount"=>"100", "payment_currency"=>"USD", "seller_note"=>"Testing Dynamic Express Amazon Payments"}
Completed 500 Internal Server Error in 3ms

NoMethodError (undefined method `encoding' for true:TrueClass):
  lib/express_amazon_payments.rb:141:in `urlencode'
  lib/express_amazon_payments.rb:129:in `block in get_parameters_as_string'
  lib/express_amazon_payments.rb:128:in `each'
  lib/express_amazon_payments.rb:128:in `get_parameters_as_string'
  lib/express_amazon_payments.rb:116:in `calculate_string_to_sign'
  lib/express_amazon_payments.rb:99:in `sign_parameters'
  lib/express_amazon_payments.rb:69:in `run!'
  app/controllers/home_controller.rb:44:in `signature'


  Rendered /Library/Ruby/Gems/2.0.0/gems/web-console-2.0.0/lib/action_dispatch/templates/rescues/_source.erb (6.6ms)
  Rendered /Library/Ruby/Gems/2.0.0/gems/web-console-2.0.0/lib/action_dispatch/templates/rescues/_trace.text.erb (0.7ms)
  Rendered /Library/Ruby/Gems/2.0.0/gems/web-console-2.0.0/lib/action_dispatch/templates/rescues/_request_and_response.text.erb (0.9ms)
  Rendered /Library/Ruby/Gems/2.0.0/gems/web-console-2.0.0/lib/action_dispatch/templates/rescues/diagnostics.text.erb (28.2ms)


Started GET "/" for ::1 at 2015-01-20 09:53:32 -0800
Processing by HomeController#index as HTML
  Rendered home/index.html.erb within layouts/application (0.2ms)
Completed 200 OK in 67ms (Views: 64.9ms | ActiveRecord: 0.0ms)


Started GET "/assets/home-069e88c06b889877799890854d7f4c40.css?body=1" for ::1 at 2015-01-20 09:53:32 -0800


Started GET "/assets/jquery-eb3e278249152b5b5d5170b73d9dbf52.js?body=1" for ::1 at 2015-01-20 09:53:32 -0800


Started GET "/assets/application-823e88bf1231c4323ee1d35731d8f1b6.css?body=1" for ::1 at 2015-01-20 09:53:32 -0800


Started GET "/assets/jquery_ujs-0b8f09cf5aec4ba1be1abd9f915c77e2.js?body=1" for ::1 at 2015-01-20 09:53:32 -0800


Started GET "/assets/turbolinks-924184401b7d116eadaaefc96895fa84.js?body=1" for ::1 at 2015-01-20 09:53:32 -0800


Started GET "/assets/application-9d71a2f6dda6b569ca80f60714aabe8b.js?body=1" for ::1 at 2015-01-20 09:53:32 -0800


Started GET "/assets/home-8f6eecd1178ef85964369ec66d33c4f1.js?body=1" for ::1 at 2015-01-20 09:53:32 -0800


Started GET "/home/signature?payment_amount=100&payment_currency=USD&seller_note=Testing+Dynamic+Express+Amazon+Payments" for ::1 at 2015-01-20 09:53:36 -0800
Processing by HomeController#signature as JSON
  Parameters: {"payment_amount"=>"100", "payment_currency"=>"USD", "seller_note"=>"Testing Dynamic Express Amazon Payments"}
Completed 200 OK in 1ms (Views: 0.1ms | ActiveRecord: 0.0ms)


Started GET "/" for ::1 at 2015-01-20 09:53:57 -0800
Processing by HomeController#index as HTML
  Rendered home/index.html.erb within layouts/application (0.2ms)
Completed 200 OK in 48ms (Views: 47.2ms | ActiveRecord: 0.0ms)


Started GET "/assets/application-823e88bf1231c4323ee1d35731d8f1b6.css?body=1" for ::1 at 2015-01-20 09:53:57 -0800


Started GET "/assets/turbolinks-924184401b7d116eadaaefc96895fa84.js?body=1" for ::1 at 2015-01-20 09:53:57 -0800


Started GET "/assets/home-069e88c06b889877799890854d7f4c40.css?body=1" for ::1 at 2015-01-20 09:53:57 -0800


Started GET "/assets/jquery_ujs-0b8f09cf5aec4ba1be1abd9f915c77e2.js?body=1" for ::1 at 2015-01-20 09:53:57 -0800


Started GET "/assets/home-8f6eecd1178ef85964369ec66d33c4f1.js?body=1" for ::1 at 2015-01-20 09:53:57 -0800


Started GET "/assets/jquery-eb3e278249152b5b5d5170b73d9dbf52.js?body=1" for ::1 at 2015-01-20 09:53:57 -0800


Started GET "/assets/application-9d71a2f6dda6b569ca80f60714aabe8b.js?body=1" for ::1 at 2015-01-20 09:53:57 -0800


Started GET "/home/signature?payment_amount=400&payment_currency=USD&seller_note=Testing+Dynamic+Express+Amazon+Payments" for ::1 at 2015-01-20 09:54:00 -0800
Processing by HomeController#signature as JSON
  Parameters: {"payment_amount"=>"400", "payment_currency"=>"USD", "seller_note"=>"Testing Dynamic Express Amazon Payments"}
Completed 200 OK in 1ms (Views: 0.1ms | ActiveRecord: 0.0ms)


Started GET "/" for ::1 at 2015-01-20 09:58:15 -0800
Processing by HomeController#index as HTML
  Rendered home/index.html.erb within layouts/application (1.1ms)
  Rendered layouts/_express_script_tags.html.erb (0.4ms)
Completed 200 OK in 180ms (Views: 158.5ms | ActiveRecord: 0.0ms)


Started GET "/" for ::1 at 2015-01-20 09:58:56 -0800
Processing by HomeController#index as HTML
  Rendered home/index.html.erb within layouts/application (0.1ms)
  Rendered layouts/_express_script_tags.html.erb (0.4ms)
Completed 200 OK in 51ms (Views: 49.7ms | ActiveRecord: 0.0ms)


Started GET "/assets/jquery-eb3e278249152b5b5d5170b73d9dbf52.js?body=1" for ::1 at 2015-01-20 09:58:56 -0800


Started GET "/assets/application-9d71a2f6dda6b569ca80f60714aabe8b.js?body=1" for ::1 at 2015-01-20 09:58:56 -0800


Started GET "/assets/home-069e88c06b889877799890854d7f4c40.css?body=1" for ::1 at 2015-01-20 09:58:56 -0800


Started GET "/assets/home-8f6eecd1178ef85964369ec66d33c4f1.js?body=1" for ::1 at 2015-01-20 09:58:56 -0800


Started GET "/assets/application-823e88bf1231c4323ee1d35731d8f1b6.css?body=1" for ::1 at 2015-01-20 09:58:56 -0800


Started GET "/assets/jquery_ujs-0b8f09cf5aec4ba1be1abd9f915c77e2.js?body=1" for ::1 at 2015-01-20 09:58:56 -0800


Started GET "/assets/turbolinks-924184401b7d116eadaaefc96895fa84.js?body=1" for ::1 at 2015-01-20 09:58:56 -0800


Started GET "/" for ::1 at 2015-01-20 09:59:30 -0800
Processing by HomeController#index as HTML
  Rendered home/index.html.erb within layouts/application (0.1ms)
  Rendered layouts/_express_script_tags.html.erb (0.6ms)
Completed 200 OK in 44ms (Views: 43.4ms | ActiveRecord: 0.0ms)


Started GET "/assets/application-823e88bf1231c4323ee1d35731d8f1b6.css?body=1" for ::1 at 2015-01-20 09:59:30 -0800


Started GET "/assets/jquery_ujs-0b8f09cf5aec4ba1be1abd9f915c77e2.js?body=1" for ::1 at 2015-01-20 09:59:30 -0800


Started GET "/assets/home-8f6eecd1178ef85964369ec66d33c4f1.js?body=1" for ::1 at 2015-01-20 09:59:30 -0800


Started GET "/assets/turbolinks-924184401b7d116eadaaefc96895fa84.js?body=1" for ::1 at 2015-01-20 09:59:30 -0800


Started GET "/assets/home-069e88c06b889877799890854d7f4c40.css?body=1" for ::1 at 2015-01-20 09:59:30 -0800


Started GET "/assets/jquery-eb3e278249152b5b5d5170b73d9dbf52.js?body=1" for ::1 at 2015-01-20 09:59:30 -0800


Started GET "/assets/application-9d71a2f6dda6b569ca80f60714aabe8b.js?body=1" for ::1 at 2015-01-20 09:59:30 -0800


Started GET "/home/signature?payment_amount=300&payment_currency=USD&seller_note=Testing+Dynamic+Express+Amazon+Payments" for ::1 at 2015-01-20 09:59:34 -0800
Processing by HomeController#signature as JSON
  Parameters: {"payment_amount"=>"300", "payment_currency"=>"USD", "seller_note"=>"Testing Dynamic Express Amazon Payments"}
Completed 200 OK in 4ms (Views: 0.3ms | ActiveRecord: 0.0ms)


Started GET "/?resultCode=Success&signature=%252BN0E8UXms7M2NcVk98Kp7u7v%252FMcGc0XozQyHq04Y0C4%253D&sellerId=A1U65N017TFV5S&AWSAccessKeyId=AKIAICSVJSIIP6PKA5BQ&SignatureMethod=HmacSHA256&SignatureVersion=2&orderReferenceId=S01-6100247-8819681&amount=300.00&currencyCode=USD&paymentAction=Authorize&sellerOrderId=sandbox100001" for ::1 at 2015-01-20 09:59:42 -0800
Processing by HomeController#index as HTML
  Parameters: {"resultCode"=>"Success", "signature"=>"%2BN0E8UXms7M2NcVk98Kp7u7v%2FMcGc0XozQyHq04Y0C4%3D", "sellerId"=>"A1U65N017TFV5S", "AWSAccessKeyId"=>"AKIAICSVJSIIP6PKA5BQ", "SignatureMethod"=>"HmacSHA256", "SignatureVersion"=>"2", "orderReferenceId"=>"S01-6100247-8819681", "amount"=>"300.00", "currencyCode"=>"USD", "paymentAction"=>"Authorize", "sellerOrderId"=>"sandbox100001"}
  Rendered home/index.html.erb within layouts/application (0.2ms)
  Rendered layouts/_express_script_tags.html.erb (0.1ms)
Completed 200 OK in 148ms (Views: 146.9ms | ActiveRecord: 0.0ms)


Started GET "/assets/application-823e88bf1231c4323ee1d35731d8f1b6.css?body=1" for ::1 at 2015-01-20 09:59:42 -0800


Started GET "/assets/home-8f6eecd1178ef85964369ec66d33c4f1.js?body=1" for ::1 at 2015-01-20 09:59:42 -0800


Started GET "/assets/turbolinks-924184401b7d116eadaaefc96895fa84.js?body=1" for ::1 at 2015-01-20 09:59:42 -0800


Started GET "/assets/application-9d71a2f6dda6b569ca80f60714aabe8b.js?body=1" for ::1 at 2015-01-20 09:59:42 -0800


Started GET "/assets/jquery-eb3e278249152b5b5d5170b73d9dbf52.js?body=1" for ::1 at 2015-01-20 09:59:42 -0800


Started GET "/assets/jquery_ujs-0b8f09cf5aec4ba1be1abd9f915c77e2.js?body=1" for ::1 at 2015-01-20 09:59:42 -0800


Started GET "/assets/home-069e88c06b889877799890854d7f4c40.css?body=1" for ::1 at 2015-01-20 09:59:42 -0800
